login  |  time: 2017-04-11 14:23:51 300601

query/terrier  |  time: 2017-04-11 14:24:12 417888  |  # of fields: 3  |  topic_id: 576  |  topic_name:   |  query: asian girls

result_size: 0  |  num_tagged:  0

list/click  |  time: 2017-04-11 14:24:35 005294  |  # of fields: 4  |  topic_id: 576  |  docno: CB9EC23B026D887BC3E685AA9C5158AF5B3066294B073F016962E167A314909C  |  listsource: terrier

topic/create  |  time: 2017-04-11 14:24:51 472560  |  # of fields: 4  |  domain_id: 1  |  domain_name: Ebola  |  topic_id: 670  |  topic_name:  asian girls

logout  |  time: 2017-04-11 14:25:22 738378

login  |  time: 2017-04-11 14:25:29 196799

login  |  time: 2017-04-11 14:26:21 713969

topic/select  |  time: 2017-04-11 14:26:49 179603  |  # of fields: 2  |  topic_id: 670  |  topic_name: asian girls

topic/create  |  time: 2017-04-11 14:26:53 417688  |  # of fields: 4  |  domain_id: 1  |  domain_name: Ebola  |  topic_id: 671  |  topic_name:  test

topic/select  |  time: 2017-04-11 14:26:53 532167  |  # of fields: 2  |  topic_id: 671  |  topic_name: test

subtopic/create  |  time: 2017-04-11 14:27:02 484223  |  # of fields: 4  |  topic_id: 671  |  topic_name: test  |  subtopic_id: 344  |  subtopic_name: group1

topic/select  |  time: 2017-04-11 14:27:14 175090  |  # of fields: 2  |  topic_id: 670  |  topic_name: asian girls

topic/select  |  time: 2017-04-11 14:27:37 782042  |  # of fields: 2  |  topic_id: 670  |  topic_name: asian girls

subtopic/create  |  time: 2017-04-11 14:27:42 924912  |  # of fields: 4  |  topic_id: 670  |  topic_name: asian girls  |  subtopic_id: 345  |  subtopic_name: test

logout  |  time: 2017-04-11 14:28:04 792485

login  |  time: 2017-04-11 14:28:13 840644

passage/create  |  time: 2017-04-11 14:28:35 806713  |  # of fields: 7  |  topic_id: 670  |  topic_name: asian girls  |  subtopic_id: 345  |  subtopic_name: test  |  docno: CB9EC23B026D887BC3E685AA9C5158AF5B3066294B073F016962E167A314909C  |  passage_id: 12096  |  passage_name:  189426881,7807569000 email: NULL ethnicity: asian height: NULL weight: NULL hair_color: NULL eye_color: NULL http://edmonton.backpage.com/BodyRubs/different-girls-sp-studio-new-renovation-new-hot-new-asian-girls/13448755

passage/create  |  time: 2017-04-11 14:28:41 802671  |  # of fields: 7  |  topic_id: 670  |  topic_name: asian girls  |  subtopic_id: 345  |  subtopic_name: test  |  docno: CB9EC23B026D887BC3E685AA9C5158AF5B3066294B073F016962E167A314909C  |  passage_id: 12097  |  passage_name:  http://images1.backpage.com/imager/u/large/286455101/2633aed57973ac9481340542021d8c78.jpg

passage/create  |  time: 2017-04-11 14:28:45 280635  |  # of fields: 7  |  topic_id: 670  |  topic_name: asian girls  |  subtopic_id: 345  |  subtopic_name: test  |  docno: CB9EC23B026D887BC3E685AA9C5158AF5B3066294B073F016962E167A314909C  |  passage_id: 12098  |  passage_name:  http://images2.backpage.com/imager/u/large/286454925/6cca24358f43b790414be883ab0ee528.jpg

result_size: 0  |  num_tagged:  0

result_size: 0  |  num_tagged:  0

tagged/view  |  time: 2017-04-11 14:30:27 459142  |  # of  fields: 1  |  topic_id: 670

irrelevant/view  |  time: 2017-04-11 14:30:36 338889  |  # of  fields: 1  |  topic_id: 670

duplicate/view  |  time: 2017-04-11 14:30:40 058391  |  # of  fields: 1  |  topic_id: 670

list/click  |  time: 2017-04-11 14:30:43 854102  |  # of fields: 4  |  topic_id: 670  |  docno: 34E25F591D0AD2DCE50A690F588D8F3927A0BAB007B91277612677B921BC11CA  |  listsource: terrier

result_size: 0  |  num_tagged:  0

list/click  |  time: 2017-04-11 14:31:44 628764  |  # of fields: 4  |  topic_id: 670  |  docno: 0110B4FB59F83269F321671B7867B54F3177B031B3CB5EA280538DEB18A319AE  |  listsource: terrier

query/terrier  |  time: 2017-04-11 14:32:04 142871  |  # of fields: 3  |  topic_id: 670  |  topic_name: asian girls  |  query: malaysian girl

result_size: 0  |  num_tagged:  0

query/terrier  |  time: 2017-04-11 14:32:16 968982  |  # of fields: 3  |  topic_id: 670  |  topic_name: asian girls  |  query: malay girl

result_size: 0  |  num_tagged:  0

query/terrier  |  time: 2017-04-11 14:32:39 365053  |  # of fields: 3  |  topic_id: 670  |  topic_name: asian girls  |  query: Kuala Lumpur

result_size: 0  |  num_tagged:  0

result_size: 0  |  num_tagged:  0

query/terrier  |  time: 2017-04-11 14:33:06 262919  |  # of fields: 3  |  topic_id: 670  |  topic_name: asian girls  |  query: Kuala Lumpur

result_size: 0  |  num_tagged:  0

result_size: 0  |  num_tagged:  0

list/click  |  time: 2017-04-11 14:33:27 370207  |  # of fields: 4  |  topic_id: 670  |  docno: B441A553C3723CCB309BF2CDFF75C7A91D1F80018C3F8A02C5A73311409FE593  |  listsource: terrier

list/go back  |  time: 2017-04-11 14:33:56 865175  |  # of fields: 3  |  topic_id: 670  |  docno: B441A553C3723CCB309BF2CDFF75C7A91D1F80018C3F8A02C5A73311409FE593  |  listsource: terrier

list/click  |  time: 2017-04-11 14:34:04 255740  |  # of fields: 4  |  topic_id: 670  |  docno: 025047073392B3804D59549EAEE1E521751833957376A61AEACF9956BF7DE64A  |  listsource: terrier

duplicate/view  |  time: 2017-04-11 14:35:00 224926  |  # of  fields: 1  |  topic_id: 670

duplicate/view  |  time: 2017-04-11 14:35:10 817265  |  # of  fields: 1  |  topic_id: 670

result_size: 0  |  num_tagged:  0

query/terrier  |  time: 2017-04-11 14:37:13 004360  |  # of fields: 3  |  topic_id: 670  |  topic_name: asian girls  |  query: Belgium Kuala Lumpur

result_size: 0  |  num_tagged:  0

result_size: 0  |  num_tagged:  0

list/click  |  time: 2017-04-11 14:37:38 709827  |  # of fields: 4  |  topic_id: 670  |  docno: 5261E6CD72D78FAEF57F07B64C45B63369AF3EF3E0B8A5ACCA17FEE748594148  |  listsource: terrier

subtopic/create  |  time: 2017-04-11 14:37:43 037203  |  # of fields: 4  |  topic_id: 670  |  topic_name: asian girls  |  subtopic_id: 346  |  subtopic_name: T4sg0

passage/create  |  time: 2017-04-11 14:37:44 474067  |  # of fields: 7  |  topic_id: 670  |  topic_name: asian girls  |  subtopic_id: 346
  |  subtopic_name: T4sg0  |  docno: 5261E6CD72D78FAEF57F07B64C45B63369AF3EF3E0B8A5ACCA17FEE748594148  |  passage_id: 12099  |  passage_name:  http://cs-sys-1.uis.georgetown.edu/~jw1498/image37/part_1/part_1_1/1/F5D53A479E23018D989F9E530DD8A52C3BB9C50F33E46A3D0CFD35B9719F19FCURLDELML2ltYWdlcy8xLnBuZw==

passage/grade  |  time: 2017-04-11 14:37:51 221562  |  # of fields: 2  |  passage_id: 12099  |  score: 3

findmore/pink  |  time: 2017-04-11 14:37:51 431825  |  # of fields: 3  |  topic_id: 670  |  subtopic_id: 346
  |  subtopic_name: T4sg0

list/click  |  time: 2017-04-11 14:38:36 358226  |  # of fields: 4  |  topic_id: 670  |  docno: A0F051783CD4B74C1180287B9F2CEAA2314322B019BE68729E7DDA24F67E4DCF  |  listsource: pink_findmore

list/click  |  time: 2017-04-11 14:38:36 507449  |  # of fields: 4  |  topic_id: 670  |  docno: A0F051783CD4B74C1180287B9F2CEAA2314322B019BE68729E7DDA24F67E4DCF  |  listsource: pink_findmore

subtopic/create  |  time: 2017-04-11 14:38:43 536894  |  # of fields: 4  |  topic_id: 670  |  topic_name: asian girls  |  subtopic_id: 347  |  subtopic_name: EorGF

passage/create  |  time: 2017-04-11 14:39:40 281431  |  # of fields: 7  |  topic_id: 670  |  topic_name: asian girls  |  subtopic_id: 347
  |  subtopic_name: EorGF  |  docno: A0F051783CD4B74C1180287B9F2CEAA2314322B019BE68729E7DDA24F67E4DCF  |  passage_id: 12100  |  passage_name:  http://cs-sys-1.uis.georgetown.edu/~jw1498/image37/part_5/part_5_4/1/A0F051783CD4B74C1180287B9F2CEAA2314322B019BE68729E7DDA24F67E4DCFURLDELMaHR0cDovL3d3dy5zd2VldHZpcHMuY29tL2ZpbGVzL2ltYWdlcy9icm9kaS50aHVtYm5haWwuanBn

findmore/pink  |  time: 2017-04-11 14:39:48 157173  |  # of fields: 3  |  topic_id: 670  |  subtopic_id: 347
  |  subtopic_name: EorGF

result_size: 0  |  num_tagged:  0

passage/grade  |  time: 2017-04-11 14:40:56 494535  |  # of fields: 2  |  passage_id: 12100  |  score: 3

result_size: 0  |  num_tagged:  0

list/click  |  time: 2017-04-11 14:42:30 415410  |  # of fields: 4  |  topic_id: 670  |  docno: A94355183EFFC48CF0614F33A59C78AD0227A39992D2932A60D1F12B5E2450B5  |  listsource: terrier

result_size: 0  |  num_tagged:  0

result_size: 0  |  num_tagged:  0

list/click  |  time: 2017-04-11 14:43:32 816574  |  # of fields: 4  |  topic_id: 670  |  docno: 96DEB8E595EF14A7D9ABA510DF3E550690181649C173C15BF2336BC948A8F22A  |  listsource: terrier

highlight  |  time: 2017-04-11 14:43  |  # of fields: 3  |  topic_id: 670  |  docno: 96DEB8E595EF14A7D9ABA510DF3E550690181649C173C15BF2336BC948A8F22A  |  highlight_string: Lana jolie

highlight  |  time: 2017-04-11 14:43  |  # of fields: 3  |  topic_id: 670  |  docno: 96DEB8E595EF14A7D9ABA510DF3E550690181649C173C15BF2336BC948A8F22A  |  highlight_string: Lana jolie

highlight  |  time: 2017-04-11 14:43  |  # of fields: 3  |  topic_id: 670  |  docno: 96DEB8E595EF14A7D9ABA510DF3E550690181649C173C15BF2336BC948A8F22A  |  highlight_string: Lana jolie

result_size: 0  |  num_tagged:  0

list/click  |  time: 2017-04-11 14:44:31 201855  |  # of fields: 4  |  topic_id: 670  |  docno: 16A71D7972C6FB785509AEA06F0F239CFC84C24872490BA919210EF9E6CF18E3  |  listsource: terrier

highlight  |  time: 2017-04-11 14:44  |  # of fields: 3  |  topic_id: 670  |  docno: 16A71D7972C6FB785509AEA06F0F239CFC84C24872490BA919210EF9E6CF18E3  |  highlight_string: None

highlight  |  time: 2017-04-11 14:44  |  # of fields: 3  |  topic_id: 670  |  docno: 16A71D7972C6FB785509AEA06F0F239CFC84C24872490BA919210EF9E6CF18E3  |  highlight_string: Lana jolie

highlight  |  time: 2017-04-11 14:44  |  # of fields: 3  |  topic_id: 670  |  docno: 16A71D7972C6FB785509AEA06F0F239CFC84C24872490BA919210EF9E6CF18E3  |  highlight_string: Lana jolie

result_size: 0  |  num_tagged:  0

result_size: 0  |  num_tagged:  0

result_size: 0  |  num_tagged:  0

query/terrier  |  time: 2017-04-11 14:45:55 722307  |  # of fields: 3  |  topic_id: 670  |  topic_name: asian girls  |  query: 024139938

result_size: 0  |  num_tagged:  0

result_size: 0  |  num_tagged:  0

result_size: 0  |  num_tagged:  0

list/click  |  time: 2017-04-11 14:48:17 859255  |  # of fields: 4  |  topic_id: 670  |  docno: 348F3EDD91CBB0D8DF315F5261000C5250FF7E4605BCF6D7604C20B0E90126B1  |  listsource: terrier

list/go back  |  time: 2017-04-11 14:48:36 858217  |  # of fields: 3  |  topic_id: 670  |  docno: 348F3EDD91CBB0D8DF315F5261000C5250FF7E4605BCF6D7604C20B0E90126B1  |  listsource: terrier

list/click  |  time: 2017-04-11 14:49:12 134127  |  # of fields: 4  |  topic_id: 670  |  docno: AE52DEF722218E6DE38367F9663F1C460E3446892E358CD3D82429F25B90BAD4  |  listsource: terrier

list/go back  |  time: 2017-04-11 14:50:02 679845  |  # of fields: 3  |  topic_id: 670  |  docno: AE52DEF722218E6DE38367F9663F1C460E3446892E358CD3D82429F25B90BAD4  |  listsource: terrier

passage/grade  |  time: 2017-04-11 14:51:35 052835  |  # of fields: 2  |  passage_id: 12100  |  score: 4

logout  |  time: 2017-04-11 14:53:03 072560

login  |  time: 2017-04-18 00:31:50 297933

logout  |  time: 2017-04-18 00:40:40 468939

login  |  time: 2017-04-18 01:10:55 300249

login  |  time: 2017-04-19 14:19:54 152585

subtopic/delete  |  time: 2017-04-19 14:20:02 454836  |  # of fields: 1  |  subtopic_id: 345

login  |  time: 2017-04-25 14:18:14 642318

topic/create  |  time: 2017-04-25 14:20:15 933792  |  # of fields: 4  |  domain_id: 1  |  domain_name: Ebola  |  topic_id: 680  |  topic_name:  white guys

topic/select  |  time: 2017-04-25 14:20:16 037165  |  # of fields: 2  |  topic_id: 680  |  topic_name: white guys

subtopic/create  |  time: 2017-04-25 14:20:29 617559  |  # of fields: 4  |  topic_id: 680  |  topic_name: white guys  |  subtopic_id: 355  |  subtopic_name: testy

subtopic/create  |  time: 2017-04-25 14:20:35 908956  |  # of fields: 4  |  topic_id: 680  |  topic_name: white guys  |  subtopic_id: 356  |  subtopic_name: test

passage/create  |  time: 2017-04-25 14:20:56 389089  |  # of fields: 7  |  topic_id: 680  |  topic_name: white guys  |  subtopic_id: 356  |  subtopic_name: test  |  docno: AE52DEF722218E6DE38367F9663F1C460E3446892E358CD3D82429F25B90BAD4  |  passage_id: 12109  |  passage_name:  ,Cambodia,Ethiopia,Republic,asian,Swaziland,Argentina,Bolivia,Cameroon,Ghana,Japan,French,Slovenia,Guatemala,Kuwait,Germany,Dominica,Liberia,Maldives,Dominican,Pakistan,Oman,Tanzania,Seychelles,Gabon,Monaco,Yemen,Jamaica,Albania,England,India,Azerbaijan,Kenya,Tajikistan,Turkey,Bangladesh,Andorra,Mauritania,Mongolia,France,Rwanda,Slovakia,Somalia,Laos,Norway,Malawi,Benin,Cuba,Montenegro,Togo,China,Armenia,Ukraine,Bahrain,Finland,Libya,Indonesia,middle eastern,Mauritius,Liechtenstein,Belarus,Macedonia,

list/go back  |  time: 2017-04-25 14:21:43 165706  |  # of fields: 3  |  topic_id: 680  |  docno: AE52DEF722218E6DE38367F9663F1C460E3446892E358CD3D82429F25B90BAD4  |  listsource: lemur

query/terrier  |  time: 2017-04-25 14:21:59 479676  |  # of fields: 3  |  topic_id: 680  |  topic_name: white guys  |  query: 024139938

result_size: 2  |  num_tagged:  0
ADB988B04706551022D52407938166E9BE9426DDBD03BBAEF113721D46C4BD54
35EFB81D897003434758A01598C286D301DEEE4DC041E9E5B296AB7FD68D0C37

query/terrier  |  time: 2017-04-25 14:24:38 599528  |  # of fields: 3  |  topic_id: 680  |  topic_name: white guys  |  query: 024139938

result_size: 2  |  num_tagged:  0
ADB988B04706551022D52407938166E9BE9426DDBD03BBAEF113721D46C4BD54
35EFB81D897003434758A01598C286D301DEEE4DC041E9E5B296AB7FD68D0C37

query/terrier  |  time: 2017-04-25 14:24:52 337282  |  # of fields: 3  |  topic_id: 680  |  topic_name: white guys  |  query: malaysia

result_size: 2  |  num_tagged:  0
ADB988B04706551022D52407938166E9BE9426DDBD03BBAEF113721D46C4BD54
35EFB81D897003434758A01598C286D301DEEE4DC041E9E5B296AB7FD68D0C37

list/click  |  time: 2017-04-25 14:25:22 961330  |  # of fields: 4  |  topic_id: 680  |  docno: 05ED6A16FD4399F99025E6D11896116C8D7897CDA8016662FFF1E0CD6C2054F5  |  listsource: terrier

subtopic/create  |  time: 2017-04-25 14:25:46 677402  |  # of fields: 4  |  topic_id: 680  |  topic_name: white guys  |  subtopic_id: 357  |  subtopic_name: NIJVz

passage/create  |  time: 2017-04-25 14:25:47 036352  |  # of fields: 7  |  topic_id: 680  |  topic_name: white guys  |  subtopic_id: 357
  |  subtopic_name: NIJVz  |  docno: 05ED6A16FD4399F99025E6D11896116C8D7897CDA8016662FFF1E0CD6C2054F5  |  passage_id: 12110  |  passage_name:  http://escortmalaysia.net/escort_banners/small_worldescort.jpg

passage/duplicate |  time: 2017-04-25 14:26:01 206451  |  # of fields: 2  |  passage_id: 12110

findmore/pink  |  time: 2017-04-25 14:26:04 751947  |  # of fields: 3  |  topic_id: 680  |  subtopic_id: 357
  |  subtopic_name: NIJVz

findmore/pink  |  time: 2017-04-25 14:26:07 762707  |  # of fields: 3  |  topic_id: 680  |  subtopic_id: 357
  |  subtopic_name: NIJVz

findmore/pink  |  time: 2017-04-25 14:26:09 044432  |  # of fields: 3  |  topic_id: 680  |  subtopic_id: 357
  |  subtopic_name: NIJVz

subtopic/delete  |  time: 2017-04-25 14:27:03 104534  |  # of fields: 1  |  subtopic_id: 356

findmore/pink  |  time: 2017-04-25 14:27:04 593503  |  # of fields: 3  |  topic_id: 680  |  subtopic_id: 355  |  subtopic_name: testy

findmore/pink  |  time: 2017-04-25 14:27:05 772033  |  # of fields: 3  |  topic_id: 680  |  subtopic_id: 355  |  subtopic_name: testy

findmore/pink  |  time: 2017-04-25 14:27:06 310211  |  # of fields: 3  |  topic_id: 680  |  subtopic_id: 355  |  subtopic_name: testy

findmore/pink  |  time: 2017-04-25 14:27:06 888697  |  # of fields: 3  |  topic_id: 680  |  subtopic_id: 355  |  subtopic_name: testy

findmore/pink  |  time: 2017-04-25 14:27:08 795900  |  # of fields: 3  |  topic_id: 680  |  subtopic_id: 355  |  subtopic_name: testy

query/terrier  |  time: 2017-04-25 14:27:11 336281  |  # of fields: 3  |  topic_id: 680  |  topic_name: white guys  |  query: malaysia

result_size: 2  |  num_tagged:  0
ADB988B04706551022D52407938166E9BE9426DDBD03BBAEF113721D46C4BD54
35EFB81D897003434758A01598C286D301DEEE4DC041E9E5B296AB7FD68D0C37

result_size: 2  |  num_tagged:  0
ADB988B04706551022D52407938166E9BE9426DDBD03BBAEF113721D46C4BD54
35EFB81D897003434758A01598C286D301DEEE4DC041E9E5B296AB7FD68D0C37

result_size: 2  |  num_tagged:  0
ADB988B04706551022D52407938166E9BE9426DDBD03BBAEF113721D46C4BD54
35EFB81D897003434758A01598C286D301DEEE4DC041E9E5B296AB7FD68D0C37

list/click  |  time: 2017-04-25 14:28:33 519338  |  # of fields: 4  |  topic_id: 680  |  docno: B3A26D2F0736D95A8424D42F3C1C86C445B2844CFDA3E5A02D1E856FA57D1211  |  listsource: terrier

highlight  |  time: 2017-04-25 14:28  |  # of fields: 3  |  topic_id: 680  |  docno: B3A26D2F0736D95A8424D42F3C1C86C445B2844CFDA3E5A02D1E856FA57D1211  |  highlight_string: 60124460864

highlight  |  time: 2017-04-25 14:28  |  # of fields: 3  |  topic_id: 680  |  docno: B3A26D2F0736D95A8424D42F3C1C86C445B2844CFDA3E5A02D1E856FA57D1211  |  highlight_string: 60124460864

list/go back  |  time: 2017-04-25 14:30:12 348758  |  # of fields: 3  |  topic_id: 680  |  docno: B3A26D2F0736D95A8424D42F3C1C86C445B2844CFDA3E5A02D1E856FA57D1211  |  listsource: terrier

result_size: 2  |  num_tagged:  0
ADB988B04706551022D52407938166E9BE9426DDBD03BBAEF113721D46C4BD54
35EFB81D897003434758A01598C286D301DEEE4DC041E9E5B296AB7FD68D0C37

list/click  |  time: 2017-04-25 14:30:33 743795  |  # of fields: 4  |  topic_id: 680  |  docno: 845BF87003E076A7D1C61F65FF212A6B14BB70495AE710D0DE5E17314BFEA90C  |  listsource: terrier

highlight  |  time: 2017-04-25 14:30  |  # of fields: 3  |  topic_id: 680  |  docno: 845BF87003E076A7D1C61F65FF212A6B14BB70495AE710D0DE5E17314BFEA90C  |  highlight_string: 60124460864

highlight  |  time: 2017-04-25 14:30  |  # of fields: 3  |  topic_id: 680  |  docno: 845BF87003E076A7D1C61F65FF212A6B14BB70495AE710D0DE5E17314BFEA90C  |  highlight_string: 60124460864

list/go back  |  time: 2017-04-25 14:30:39 396170  |  # of fields: 3  |  topic_id: 680  |  docno: 845BF87003E076A7D1C61F65FF212A6B14BB70495AE710D0DE5E17314BFEA90C  |  listsource: terrier

list/click  |  time: 2017-04-25 14:30:42 806546  |  # of fields: 4  |  topic_id: 680  |  docno: 6AC5BF50AA0FFDD02881E494209B77DC58DFDC1FBC60D89D7E499D71F7E4F191  |  listsource: terrier

highlight  |  time: 2017-04-25 14:30  |  # of fields: 3  |  topic_id: 680  |  docno: 6AC5BF50AA0FFDD02881E494209B77DC58DFDC1FBC60D89D7E499D71F7E4F191  |  highlight_string: 60124460864

highlight  |  time: 2017-04-25 14:30  |  # of fields: 3  |  topic_id: 680  |  docno: 6AC5BF50AA0FFDD02881E494209B77DC58DFDC1FBC60D89D7E499D71F7E4F191  |  highlight_string: 60124460864

highlight  |  time: 2017-04-25 14:31  |  # of fields: 3  |  topic_id: 680  |  docno: 6AC5BF50AA0FFDD02881E494209B77DC58DFDC1FBC60D89D7E499D71F7E4F191  |  highlight_string: 60124460864

result_size: 2  |  num_tagged:  0
ADB988B04706551022D52407938166E9BE9426DDBD03BBAEF113721D46C4BD54
35EFB81D897003434758A01598C286D301DEEE4DC041E9E5B296AB7FD68D0C37

list/click  |  time: 2017-04-25 14:31:18 056619  |  # of fields: 4  |  topic_id: 680  |  docno: C5A75C89BCA2240B51486FCC60E3E913AFBD424432C047D16A80165DCDD4DA9F  |  listsource: terrier

highlight  |  time: 2017-04-25 14:31  |  # of fields: 3  |  topic_id: 680  |  docno: C5A75C89BCA2240B51486FCC60E3E913AFBD424432C047D16A80165DCDD4DA9F  |  highlight_string: 60124460864

highlight  |  time: 2017-04-25 14:31  |  # of fields: 3  |  topic_id: 680  |  docno: C5A75C89BCA2240B51486FCC60E3E913AFBD424432C047D16A80165DCDD4DA9F  |  highlight_string: 60124460864

highlight  |  time: 2017-04-25 14:31  |  # of fields: 3  |  topic_id: 680  |  docno: C5A75C89BCA2240B51486FCC60E3E913AFBD424432C047D16A80165DCDD4DA9F  |  highlight_string: f

highlight  |  time: 2017-04-25 14:31  |  # of fields: 3  |  topic_id: 680  |  docno: C5A75C89BCA2240B51486FCC60E3E913AFBD424432C047D16A80165DCDD4DA9F  |  highlight_string: fe

highlight  |  time: 2017-04-25 14:31  |  # of fields: 3  |  topic_id: 680  |  docno: C5A75C89BCA2240B51486FCC60E3E913AFBD424432C047D16A80165DCDD4DA9F  |  highlight_string: fem

highlight  |  time: 2017-04-25 14:31  |  # of fields: 3  |  topic_id: 680  |  docno: C5A75C89BCA2240B51486FCC60E3E913AFBD424432C047D16A80165DCDD4DA9F  |  highlight_string: fema

highlight  |  time: 2017-04-25 14:31  |  # of fields: 3  |  topic_id: 680  |  docno: C5A75C89BCA2240B51486FCC60E3E913AFBD424432C047D16A80165DCDD4DA9F  |  highlight_string: femal

highlight  |  time: 2017-04-25 14:31  |  # of fields: 3  |  topic_id: 680  |  docno: C5A75C89BCA2240B51486FCC60E3E913AFBD424432C047D16A80165DCDD4DA9F  |  highlight_string: female

highlight  |  time: 2017-04-25 14:31  |  # of fields: 3  |  topic_id: 680  |  docno: C5A75C89BCA2240B51486FCC60E3E913AFBD424432C047D16A80165DCDD4DA9F  |  highlight_string: female

highlight  |  time: 2017-04-25 14:31  |  # of fields: 3  |  topic_id: 680  |  docno: C5A75C89BCA2240B51486FCC60E3E913AFBD424432C047D16A80165DCDD4DA9F  |  highlight_string: h

highlight  |  time: 2017-04-25 14:31  |  # of fields: 3  |  topic_id: 680  |  docno: C5A75C89BCA2240B51486FCC60E3E913AFBD424432C047D16A80165DCDD4DA9F  |  highlight_string: hi

highlight  |  time: 2017-04-25 14:31  |  # of fields: 3  |  topic_id: 680  |  docno: C5A75C89BCA2240B51486FCC60E3E913AFBD424432C047D16A80165DCDD4DA9F  |  highlight_string: hig

highlight  |  time: 2017-04-25 14:31  |  # of fields: 3  |  topic_id: 680  |  docno: C5A75C89BCA2240B51486FCC60E3E913AFBD424432C047D16A80165DCDD4DA9F  |  highlight_string: high

highlight  |  time: 2017-04-25 14:31  |  # of fields: 3  |  topic_id: 680  |  docno: C5A75C89BCA2240B51486FCC60E3E913AFBD424432C047D16A80165DCDD4DA9F  |  highlight_string: high

list/go back  |  time: 2017-04-25 14:31:43 448387  |  # of fields: 3  |  topic_id: 680  |  docno: C5A75C89BCA2240B51486FCC60E3E913AFBD424432C047D16A80165DCDD4DA9F  |  listsource: terrier

result_size: 2  |  num_tagged:  0
ADB988B04706551022D52407938166E9BE9426DDBD03BBAEF113721D46C4BD54
35EFB81D897003434758A01598C286D301DEEE4DC041E9E5B296AB7FD68D0C37

query/terrier  |  time: 2017-04-25 14:36:30 684066  |  # of fields: 3  |  topic_id: 680  |  topic_name: white guys  |  query: brown

result_size: 2  |  num_tagged:  0
ADB988B04706551022D52407938166E9BE9426DDBD03BBAEF113721D46C4BD54
35EFB81D897003434758A01598C286D301DEEE4DC041E9E5B296AB7FD68D0C37

result_size: 2  |  num_tagged:  0
ADB988B04706551022D52407938166E9BE9426DDBD03BBAEF113721D46C4BD54
35EFB81D897003434758A01598C286D301DEEE4DC041E9E5B296AB7FD68D0C37

query/terrier  |  time: 2017-04-25 14:37:27 478601  |  # of fields: 3  |  topic_id: 680  |  topic_name: white guys  |  query: hair brown

result_size: 2  |  num_tagged:  0
ADB988B04706551022D52407938166E9BE9426DDBD03BBAEF113721D46C4BD54
35EFB81D897003434758A01598C286D301DEEE4DC041E9E5B296AB7FD68D0C37

query/terrier  |  time: 2017-04-25 14:37:43 760028  |  # of fields: 3  |  topic_id: 680  |  topic_name: white guys  |  query: eye brown

result_size: 2  |  num_tagged:  0
ADB988B04706551022D52407938166E9BE9426DDBD03BBAEF113721D46C4BD54
35EFB81D897003434758A01598C286D301DEEE4DC041E9E5B296AB7FD68D0C37

tagged/view  |  time: 2017-04-25 14:41:26 920114  |  # of  fields: 1  |  topic_id: 680

duplicate/view  |  time: 2017-04-25 14:41:30 130311  |  # of  fields: 1  |  topic_id: 680

list/click  |  time: 2017-04-25 14:41:34 295326  |  # of fields: 4  |  topic_id: 680  |  docno: 4381220634294CD025B0A92BF82D446EA0B4F0ADB7E76C4CA4905D3A21AAF1F8  |  listsource: terrier

duplicate/view  |  time: 2017-04-25 14:41:46 049427  |  # of  fields: 1  |  topic_id: 680

duplicate/view  |  time: 2017-04-25 14:42:02 773338  |  # of  fields: 1  |  topic_id: 680

result_size: 2  |  num_tagged:  0
ADB988B04706551022D52407938166E9BE9426DDBD03BBAEF113721D46C4BD54
35EFB81D897003434758A01598C286D301DEEE4DC041E9E5B296AB7FD68D0C37

result_size: 2  |  num_tagged:  0
ADB988B04706551022D52407938166E9BE9426DDBD03BBAEF113721D46C4BD54
35EFB81D897003434758A01598C286D301DEEE4DC041E9E5B296AB7FD68D0C37

